['45', '476', '351', '88', '477', '44', '25', '365', '238', '203', '128', '460', '255', '433', '485', '256', '42', '0', '325', '252', '376', '366', '334', '243', '314', '87', '347', '83', '26', '346', '147', '81', '332', '131', '371', '326', '107', '49', '246', '361', '316', '226', '204', '61', '96', '208', '369', '343', '173', '338']
['157', '159', '179', '36', '414', '482', '1', '387', '423', '425', '265', '449', '427', '115', '197', '401', '367', '290', '158', '266', '386', '156', '15', '228', '75', '97', '34', '360', '60', '442', '381', '76', '467', '379', '27', '318', '215', '424', '459', '277', '373', '431', '486', '155', '328', '38', '469', '359', '436', '100']
['177', '391', '390', '375', '399', '227', '320', '415', '148', '103', '487', '310', '324', '452', '323', '140', '377', '171', '450', '292', '441', '80', '229', '57', '142', '263', '232', '440', '397', '124', '193', '22', '82', '451', '350', '481', '144', '337', '121', '196', '488', '150', '95', '188', '132', '276', '63', '453', '269', '160']
['30', '133', '259', '65', '344', '141', '211', '209', '183', '426', '143', '248', '282', '468', '335', '161', '169', '313', '340', '190', '444', '116', '54', '31', '471', '274', '466', '244', '242', '52', '489', '6', '284', '443', '112', '192', '322', '395', '268', '202', '319', '455', '126', '46', '483', '40', '470', '139', '224', '43']
['119', '117', '342', '312', '7', '5', '272', '33', '109', '21', '105', '230', '111', '327', '135', '273', '333', '136', '167', '396', '234', '254', '92', '206', '146', '394', '219', '175', '304', '364', '357', '3', '362', '299', '195', '72', '163', '383', '214', '118', '393', '104', '205', '62', '108', '422', '236', '241', '69', '484']
['113', '404', '432', '406', '402', '101', '293', '47', '89', '291', '19', '458', '127', '187', '58', '17', '294', '98', '403', '368', '352', '185', '70', '199', '307', '172', '35', '93', '178', '249', '79', '267', '102', '240', '454', '16', '91', '50', '250', '71', '421', '191', '120', '398', '201', '20', '311', '434', '348', '90']
['152', '384', '166', '145', '114']
['245', '86', '84', '464', '85', '78']
['138', '137', '297', '12', '216', '32', '24', '200', '457', '418', '296', '74', '130', '389', '278', '388', '298', '447', '154', '416', '13', '56', '275', '355', '353', '295', '349', '23', '354', '439', '18', '66', '212', '153', '410', '408', '207', '258', '409', '48', '456', '329', '68', '473', '407', '336', '270', '382', '94', '356']
['14', '445']
['370', '225', '378', '420', '237', '264', '251', '372', '210', '392', '271', '170']
['28', '289', '303', '474', '261', '260', '262', '472', '73']
['479']
['134', '2', '448', '39', '4', '430', '122', '283', '385', '463', '37', '280', '182', '286', '67', '53', '363', '285', '480', '151', '198', '9', '475', '165', '429', '462', '164', '461', '428', '55', '438']
['288']
['125', '123']
['110', '181', '189', '180', '321', '253']
['247', '51', '194', '374', '231', '77']
['239']
['129', '437']
['10']
['176']
['405']
['413', '411', '221', '400', '223', '412', '222', '41', '419', '59', '305', '478', '217', '317']
['380']
['465']
['341']
['287', '106']
['233']
['446']
['174', '417']
['309', '300', '358', '149', '308', '306', '302']
['257']
['218']
['301']
['168']
['235']
['435']
['186', '339', '330', '331', '8']
['11']
['220']
['64']
['345']
['162']
['315']
['29']
['213', '279']
['281']
['184']
['99']
